<?xml version="1.0" encoding="UTF-8"?>
<testsuite xmlns:xsi="http://www.w3.org/2001/XMLSchema-instance" xsi:noNamespaceSchemaLocation="https://maven.apache.org/surefire/maven-surefire-plugin/xsd/surefire-test-report.xsd" name="daliaAutomatedTesting.Selenium.AppTest" time="0.01" tests="1" errors="0" skipped="0" failures="0">
  <properties>
    <property name="java.specification.version" value="13"/>
    <property name="sun.cpu.isalist" value="amd64"/>
    <property name="sun.jnu.encoding" value="Cp1252"/>
    <property name="java.class.path" value="C:\Users\snduk\Desktop\mobile dev and automation\daliaAutomatedTesting\Selenium\target\test-classes;C:\Users\snduk\Desktop\mobile dev and automation\daliaAutomatedTesting\Selenium\target\classes;C:\Users\snduk\.m2\repository\org\seleniumhq\selenium\selenium-java\3.4.0\selenium-java-3.4.0.jar;C:\Users\snduk\.m2\repository\org\seleniumhq\selenium\selenium-api\3.4.0\selenium-api-3.4.0.jar;C:\Users\snduk\.m2\repository\org\seleniumhq\selenium\selenium-chrome-driver\3.4.0\selenium-chrome-driver-3.4.0.jar;C:\Users\snduk\.m2\repository\org\seleniumhq\selenium\selenium-edge-driver\3.4.0\selenium-edge-driver-3.4.0.jar;C:\Users\snduk\.m2\repository\org\seleniumhq\selenium\selenium-firefox-driver\3.4.0\selenium-firefox-driver-3.4.0.jar;C:\Users\snduk\.m2\repository\org\seleniumhq\selenium\selenium-ie-driver\3.4.0\selenium-ie-driver-3.4.0.jar;C:\Users\snduk\.m2\repository\org\seleniumhq\selenium\selenium-opera-driver\3.4.0\selenium-opera-driver-3.4.0.jar;C:\Users\snduk\.m2\repository\org\seleniumhq\selenium\selenium-remote-driver\3.4.0\selenium-remote-driver-3.4.0.jar;C:\Users\snduk\.m2\repository\org\seleniumhq\selenium\selenium-safari-driver\3.4.0\selenium-safari-driver-3.4.0.jar;C:\Users\snduk\.m2\repository\org\seleniumhq\selenium\selenium-support\3.4.0\selenium-support-3.4.0.jar;C:\Users\snduk\.m2\repository\cglib\cglib-nodep\3.2.4\cglib-nodep-3.2.4.jar;C:\Users\snduk\.m2\repository\org\apache\commons\commons-exec\1.3\commons-exec-1.3.jar;C:\Users\snduk\.m2\repository\org\apache\commons\commons-lang3\3.5\commons-lang3-3.5.jar;C:\Users\snduk\.m2\repository\commons-codec\commons-codec\1.10\commons-codec-1.10.jar;C:\Users\snduk\.m2\repository\commons-io\commons-io\2.5\commons-io-2.5.jar;C:\Users\snduk\.m2\repository\commons-logging\commons-logging\1.2\commons-logging-1.2.jar;C:\Users\snduk\.m2\repository\org\w3c\css\sac\1.3\sac-1.3.jar;C:\Users\snduk\.m2\repository\net\sourceforge\cssparser\cssparser\0.9.22\cssparser-0.9.22.jar;C:\Users\snduk\.m2\repository\com\google\code\gson\gson\2.8.0\gson-2.8.0.jar;C:\Users\snduk\.m2\repository\com\google\guava\guava\21.0\guava-21.0.jar;C:\Users\snduk\.m2\repository\org\hamcrest\hamcrest-core\1.3\hamcrest-core-1.3.jar;C:\Users\snduk\.m2\repository\net\sourceforge\htmlunit\htmlunit\2.26\htmlunit-2.26.jar;C:\Users\snduk\.m2\repository\net\sourceforge\htmlunit\htmlunit-core-js\2.26\htmlunit-core-js-2.26.jar;C:\Users\snduk\.m2\repository\net\sourceforge\htmlunit\neko-htmlunit\2.25\neko-htmlunit-2.25.jar;C:\Users\snduk\.m2\repository\org\apache\httpcomponents\httpclient\4.5.3\httpclient-4.5.3.jar;C:\Users\snduk\.m2\repository\org\apache\httpcomponents\httpcore\4.4.6\httpcore-4.4.6.jar;C:\Users\snduk\.m2\repository\org\apache\httpcomponents\httpmime\4.5.3\httpmime-4.5.3.jar;C:\Users\snduk\.m2\repository\org\eclipse\jetty\jetty-io\9.4.1.v20170120\jetty-io-9.4.1.v20170120.jar;C:\Users\snduk\.m2\repository\org\eclipse\jetty\jetty-util\9.4.1.v20170120\jetty-util-9.4.1.v20170120.jar;C:\Users\snduk\.m2\repository\net\java\dev\jna\jna\4.1.0\jna-4.1.0.jar;C:\Users\snduk\.m2\repository\net\java\dev\jna\jna-platform\4.1.0\jna-platform-4.1.0.jar;C:\Users\snduk\.m2\repository\com\codeborne\phantomjsdriver\1.4.0\phantomjsdriver-1.4.0.jar;C:\Users\snduk\.m2\repository\org\seleniumhq\selenium\htmlunit-driver\2.26\htmlunit-driver-2.26.jar;C:\Users\snduk\.m2\repository\javax\servlet\javax.servlet-api\3.1.0\javax.servlet-api-3.1.0.jar;C:\Users\snduk\.m2\repository\org\eclipse\jetty\websocket\websocket-api\9.4.3.v20170317\websocket-api-9.4.3.v20170317.jar;C:\Users\snduk\.m2\repository\org\eclipse\jetty\websocket\websocket-client\9.4.3.v20170317\websocket-client-9.4.3.v20170317.jar;C:\Users\snduk\.m2\repository\org\eclipse\jetty\jetty-client\9.4.3.v20170317\jetty-client-9.4.3.v20170317.jar;C:\Users\snduk\.m2\repository\org\eclipse\jetty\jetty-http\9.4.3.v20170317\jetty-http-9.4.3.v20170317.jar;C:\Users\snduk\.m2\repository\org\eclipse\jetty\websocket\websocket-common\9.4.3.v20170317\websocket-common-9.4.3.v20170317.jar;C:\Users\snduk\.m2\repository\xalan\serializer\2.7.2\serializer-2.7.2.jar;C:\Users\snduk\.m2\repository\xalan\xalan\2.7.2\xalan-2.7.2.jar;C:\Users\snduk\.m2\repository\xerces\xercesImpl\2.11.0\xercesImpl-2.11.0.jar;C:\Users\snduk\.m2\repository\xml-apis\xml-apis\1.4.01\xml-apis-1.4.01.jar;C:\Users\snduk\.m2\repository\junit\junit\4.12\junit-4.12.jar;C:\Users\snduk\.m2\repository\info\cukes\cucumber-html\0.2.3\cucumber-html-0.2.3.jar;C:\Users\snduk\.m2\repository\info\cukes\cucumber-jvm-deps\1.0.5\cucumber-jvm-deps-1.0.5.jar;C:\Users\snduk\.m2\repository\info\cukes\gherkin\2.12.2\gherkin-2.12.2.jar;C:\Users\snduk\.m2\repository\info\cukes\cucumber-java\1.2.5\cucumber-java-1.2.5.jar;C:\Users\snduk\.m2\repository\info\cukes\cucumber-core\1.2.5\cucumber-core-1.2.5.jar;C:\Users\snduk\.m2\repository\info\cukes\cucumber-junit\1.2.5\cucumber-junit-1.2.5.jar;"/>
    <property name="java.vm.vendor" value="Oracle Corporation"/>
    <property name="sun.arch.data.model" value="64"/>
    <property name="user.variant" value=""/>
    <property name="java.vendor.url" value="https://java.oracle.com/"/>
    <property name="user.timezone" value="Europe/Berlin"/>
    <property name="os.name" value="Windows 10"/>
    <property name="java.vm.specification.version" value="13"/>
    <property name="sun.java.launcher" value="SUN_STANDARD"/>
    <property name="user.country" value="GB"/>
    <property name="sun.boot.library.path" value="D:\Program Files\Java\jdk-13.0.1\bin"/>
    <property name="sun.java.command" value="C:\Users\snduk\AppData\Local\Temp\surefire13990117267071719653\surefirebooter17082797924092851039.jar C:\Users\snduk\AppData\Local\Temp\surefire13990117267071719653 2019-12-28T11-52-48_200-jvmRun1 surefire6600128340336045362tmp surefire_07177288103091786569tmp"/>
    <property name="jdk.debug" value="release"/>
    <property name="surefire.test.class.path" value="C:\Users\snduk\Desktop\mobile dev and automation\daliaAutomatedTesting\Selenium\target\test-classes;C:\Users\snduk\Desktop\mobile dev and automation\daliaAutomatedTesting\Selenium\target\classes;C:\Users\snduk\.m2\repository\org\seleniumhq\selenium\selenium-java\3.4.0\selenium-java-3.4.0.jar;C:\Users\snduk\.m2\repository\org\seleniumhq\selenium\selenium-api\3.4.0\selenium-api-3.4.0.jar;C:\Users\snduk\.m2\repository\org\seleniumhq\selenium\selenium-chrome-driver\3.4.0\selenium-chrome-driver-3.4.0.jar;C:\Users\snduk\.m2\repository\org\seleniumhq\selenium\selenium-edge-driver\3.4.0\selenium-edge-driver-3.4.0.jar;C:\Users\snduk\.m2\repository\org\seleniumhq\selenium\selenium-firefox-driver\3.4.0\selenium-firefox-driver-3.4.0.jar;C:\Users\snduk\.m2\repository\org\seleniumhq\selenium\selenium-ie-driver\3.4.0\selenium-ie-driver-3.4.0.jar;C:\Users\snduk\.m2\repository\org\seleniumhq\selenium\selenium-opera-driver\3.4.0\selenium-opera-driver-3.4.0.jar;C:\Users\snduk\.m2\repository\org\seleniumhq\selenium\selenium-remote-driver\3.4.0\selenium-remote-driver-3.4.0.jar;C:\Users\snduk\.m2\repository\org\seleniumhq\selenium\selenium-safari-driver\3.4.0\selenium-safari-driver-3.4.0.jar;C:\Users\snduk\.m2\repository\org\seleniumhq\selenium\selenium-support\3.4.0\selenium-support-3.4.0.jar;C:\Users\snduk\.m2\repository\cglib\cglib-nodep\3.2.4\cglib-nodep-3.2.4.jar;C:\Users\snduk\.m2\repository\org\apache\commons\commons-exec\1.3\commons-exec-1.3.jar;C:\Users\snduk\.m2\repository\org\apache\commons\commons-lang3\3.5\commons-lang3-3.5.jar;C:\Users\snduk\.m2\repository\commons-codec\commons-codec\1.10\commons-codec-1.10.jar;C:\Users\snduk\.m2\repository\commons-io\commons-io\2.5\commons-io-2.5.jar;C:\Users\snduk\.m2\repository\commons-logging\commons-logging\1.2\commons-logging-1.2.jar;C:\Users\snduk\.m2\repository\org\w3c\css\sac\1.3\sac-1.3.jar;C:\Users\snduk\.m2\repository\net\sourceforge\cssparser\cssparser\0.9.22\cssparser-0.9.22.jar;C:\Users\snduk\.m2\repository\com\google\code\gson\gson\2.8.0\gson-2.8.0.jar;C:\Users\snduk\.m2\repository\com\google\guava\guava\21.0\guava-21.0.jar;C:\Users\snduk\.m2\repository\org\hamcrest\hamcrest-core\1.3\hamcrest-core-1.3.jar;C:\Users\snduk\.m2\repository\net\sourceforge\htmlunit\htmlunit\2.26\htmlunit-2.26.jar;C:\Users\snduk\.m2\repository\net\sourceforge\htmlunit\htmlunit-core-js\2.26\htmlunit-core-js-2.26.jar;C:\Users\snduk\.m2\repository\net\sourceforge\htmlunit\neko-htmlunit\2.25\neko-htmlunit-2.25.jar;C:\Users\snduk\.m2\repository\org\apache\httpcomponents\httpclient\4.5.3\httpclient-4.5.3.jar;C:\Users\snduk\.m2\repository\org\apache\httpcomponents\httpcore\4.4.6\httpcore-4.4.6.jar;C:\Users\snduk\.m2\repository\org\apache\httpcomponents\httpmime\4.5.3\httpmime-4.5.3.jar;C:\Users\snduk\.m2\repository\org\eclipse\jetty\jetty-io\9.4.1.v20170120\jetty-io-9.4.1.v20170120.jar;C:\Users\snduk\.m2\repository\org\eclipse\jetty\jetty-util\9.4.1.v20170120\jetty-util-9.4.1.v20170120.jar;C:\Users\snduk\.m2\repository\net\java\dev\jna\jna\4.1.0\jna-4.1.0.jar;C:\Users\snduk\.m2\repository\net\java\dev\jna\jna-platform\4.1.0\jna-platform-4.1.0.jar;C:\Users\snduk\.m2\repository\com\codeborne\phantomjsdriver\1.4.0\phantomjsdriver-1.4.0.jar;C:\Users\snduk\.m2\repository\org\seleniumhq\selenium\htmlunit-driver\2.26\htmlunit-driver-2.26.jar;C:\Users\snduk\.m2\repository\javax\servlet\javax.servlet-api\3.1.0\javax.servlet-api-3.1.0.jar;C:\Users\snduk\.m2\repository\org\eclipse\jetty\websocket\websocket-api\9.4.3.v20170317\websocket-api-9.4.3.v20170317.jar;C:\Users\snduk\.m2\repository\org\eclipse\jetty\websocket\websocket-client\9.4.3.v20170317\websocket-client-9.4.3.v20170317.jar;C:\Users\snduk\.m2\repository\org\eclipse\jetty\jetty-client\9.4.3.v20170317\jetty-client-9.4.3.v20170317.jar;C:\Users\snduk\.m2\repository\org\eclipse\jetty\jetty-http\9.4.3.v20170317\jetty-http-9.4.3.v20170317.jar;C:\Users\snduk\.m2\repository\org\eclipse\jetty\websocket\websocket-common\9.4.3.v20170317\websocket-common-9.4.3.v20170317.jar;C:\Users\snduk\.m2\repository\xalan\serializer\2.7.2\serializer-2.7.2.jar;C:\Users\snduk\.m2\repository\xalan\xalan\2.7.2\xalan-2.7.2.jar;C:\Users\snduk\.m2\repository\xerces\xercesImpl\2.11.0\xercesImpl-2.11.0.jar;C:\Users\snduk\.m2\repository\xml-apis\xml-apis\1.4.01\xml-apis-1.4.01.jar;C:\Users\snduk\.m2\repository\junit\junit\4.12\junit-4.12.jar;C:\Users\snduk\.m2\repository\info\cukes\cucumber-html\0.2.3\cucumber-html-0.2.3.jar;C:\Users\snduk\.m2\repository\info\cukes\cucumber-jvm-deps\1.0.5\cucumber-jvm-deps-1.0.5.jar;C:\Users\snduk\.m2\repository\info\cukes\gherkin\2.12.2\gherkin-2.12.2.jar;C:\Users\snduk\.m2\repository\info\cukes\cucumber-java\1.2.5\cucumber-java-1.2.5.jar;C:\Users\snduk\.m2\repository\info\cukes\cucumber-core\1.2.5\cucumber-core-1.2.5.jar;C:\Users\snduk\.m2\repository\info\cukes\cucumber-junit\1.2.5\cucumber-junit-1.2.5.jar;"/>
    <property name="sun.cpu.endian" value="little"/>
    <property name="user.home" value="C:\Users\snduk"/>
    <property name="user.language" value="en"/>
    <property name="java.specification.vendor" value="Oracle Corporation"/>
    <property name="java.version.date" value="2019-10-15"/>
    <property name="java.home" value="D:\Program Files\Java\jdk-13.0.1"/>
    <property name="file.separator" value="\"/>
    <property name="basedir" value="C:\Users\snduk\Desktop\mobile dev and automation\daliaAutomatedTesting\Selenium"/>
    <property name="java.vm.compressedOopsMode" value="Zero based"/>
    <property name="line.separator" value="&#10;"/>
    <property name="java.vm.specification.vendor" value="Oracle Corporation"/>
    <property name="java.specification.name" value="Java Platform API Specification"/>
    <property name="surefire.real.class.path" value="C:\Users\snduk\AppData\Local\Temp\surefire13990117267071719653\surefirebooter17082797924092851039.jar"/>
    <property name="user.script" value=""/>
    <property name="sun.management.compiler" value="HotSpot 64-Bit Tiered Compilers"/>
    <property name="java.runtime.version" value="13.0.1+9"/>
    <property name="user.name" value="snduk"/>
    <property name="path.separator" value=";"/>
    <property name="os.version" value="10.0"/>
    <property name="java.runtime.name" value="Java(TM) SE Runtime Environment"/>
    <property name="file.encoding" value="Cp1252"/>
    <property name="java.vm.name" value="Java HotSpot(TM) 64-Bit Server VM"/>
    <property name="localRepository" value="C:\Users\snduk\.m2\repository"/>
    <property name="java.vendor.url.bug" value="https://bugreport.java.com/bugreport/"/>
    <property name="java.io.tmpdir" value="C:\Users\snduk\AppData\Local\Temp\"/>
    <property name="java.version" value="13.0.1"/>
    <property name="user.dir" value="C:\Users\snduk\Desktop\mobile dev and automation\daliaAutomatedTesting\Selenium"/>
    <property name="os.arch" value="amd64"/>
    <property name="java.vm.specification.name" value="Java Virtual Machine Specification"/>
    <property name="sun.os.patch.level" value=""/>
    <property name="java.library.path" value="D:\Program Files\Java\jdk-13.0.1\bin;C:\windows\Sun\Java\bin;C:\windows\system32;C:\windows;D:/Program Files/Java/jdk-13.0.1/bin/server;D:/Program Files/Java/jdk-13.0.1/bin;C:\Program Files (x86)\NVIDIA Corporation\PhysX\Common;C:\windows\system32;C:\windows;C:\windows\System32\Wbem;C:\windows\System32\WindowsPowerShell\v1.0\;C:\windows\System32\OpenSSH\;C:\Android;C:\Windows\System32;D:\Program Files\Java\jdk-13.0.1\bin;D:\Program Files\Dev_Programs\apache-maven-3.6.2\bin;D:\Program Files\Gradle\gradle-5.6.4\bin;&quot;;C:\Users\snduk\AppData\Local\Android\Sdk\tools;C:\Users\snduk\AppData\Local\Android\Sdk\tools\bin;C:\Users\snduk\AppData\Local\Android\Sdk\platform-tools&quot;;D:\Program Files\Git\cmd;C:\Users\snduk\AppData\Local\Microsoft\WindowsApps;C:\Users\snduk\AppData\Local\GitHubDesktop\bin;D:\Users\snduk\AppData\Local\Programs\Microsoft VS Code\bin;D:\Users\snduk\eclipse\java-2019-09\eclipse;;."/>
    <property name="java.vm.info" value="mixed mode, sharing"/>
    <property name="java.vendor" value="Oracle Corporation"/>
    <property name="java.vm.version" value="13.0.1+9"/>
    <property name="sun.io.unicode.encoding" value="UnicodeLittle"/>
    <property name="java.class.version" value="57.0"/>
  </properties>
  <testcase name="testApp" classname="daliaAutomatedTesting.Selenium.AppTest" time="0.001"/>
</testsuite>